#
# There is insufficient memory for the Java Runtime Environment to continue.
# Native memory allocation (mmap) failed to map 260046848 bytes for G1 virtual space
# Possible reasons:
#   The system is out of physical RAM or swap space
#   The process is running with CompressedOops enabled, and the Java Heap may be blocking the growth of the native heap
# Possible solutions:
#   Reduce memory load on the system
#   Increase physical memory or swap space
#   Check if swap backing store is full
#   Decrease Java heap size (-Xmx/-Xms)
#   Decrease number of Java threads
#   Decrease Java thread stack sizes (-Xss)
#   Set larger code cache with -XX:ReservedCodeCacheSize=
#   JVM is running with Zero Based Compressed Oops mode in which the Java heap is
#     placed in the first 32GB address space. The Java Heap base address is the
#     maximum limit for the native heap growth. Please use -XX:HeapBaseMinAddress
#     to set the Java Heap base and to place the Java Heap above 32GB virtual address.
# This output file may be truncated or incomplete.
#
#  Out of Memory Error (os_windows.cpp:3527), pid=5660, tid=3360
#
# JRE version:  (19.0.1+10) (build )
# Java VM: Java HotSpot(TM) 64-Bit Server VM (19.0.1+10-21, mixed mode, sharing, tiered, compressed oops, compressed class ptrs, g1 gc, windows-amd64)
# No core dump will be written. Minidumps are not enabled by default on client versions of Windows
#

---------------  S U M M A R Y ------------

Command Line: -Dfile.encoding=UTF-8 --module-path=C:\Users\TORK\eclipse-workspace\JavaPractise\bin -XX:+ShowCodeDetailsInExceptionMessages -Djdk.module.main=JavaPractise JavaPractise/Java.Static2

Host: 11th Gen Intel(R) Core(TM) i7-1165G7 @ 2.80GHz, 8 cores, 15G,  Windows 11 , 64 bit Build 22621 (10.0.22621.3235)
Time: Wed Mar 20 14:59:40 2024 India Standard Time elapsed time: 0.046730 seconds (0d 0h 0m 0s)

---------------  T H R E A D  ---------------

Current thread (0x000002a5542d58b0):  JavaThread "Unknown thread" [_thread_in_vm, id=3360, stack(0x000000e6e7100000,0x000000e6e7200000)]

Stack: [0x000000e6e7100000,0x000000e6e7200000]
Native frames: (J=compiled Java code, j=interpreted, Vv=VM code, C=native code)
V  [jvm.dll+0x6ee8fa]
V  [jvm.dll+0x857a1e]
V  [jvm.dll+0x85940e]
V  [jvm.dll+0x859ac3]
V  [jvm.dll+0x28291f]
V  [jvm.dll+0x6eb6e9]
V  [jvm.dll+0x6e028a]
V  [jvm.dll+0x357136]
V  [jvm.dll+0x35eb96]
V  [jvm.dll+0x3b555e]
V  [jvm.dll+0x3b578f]
V  [jvm.dll+0x32c6ea]
V  [jvm.dll+0x32d59e]
V  [jvm.dll+0x821b20]
V  [jvm.dll+0x3c27c1]
V  [jvm.dll+0x8022f1]
V  [jvm.dll+0x44b30f]
V  [jvm.dll+0x44cc91]
C  [jli.dll+0x5287]
C  [ucrtbase.dll+0x29363]
C  [KERNEL32.DLL+0x1257d]
C  [ntdll.dll+0x5aa58]


---------------  P R O C E S S  ---------------

Threads class SMR info:
_java_thread_list=0x00007ff89197d048, length=0, elements={
}

Java Threads: ( => current thread )

Other Threads:
  0x000002a554343d00 WorkerThread "GC Thread#0" [stack: 0x000000e6e7200000,0x000000e6e7300000] [id=16036]
  0x000002a554357060 ConcurrentGCThread "G1 Main Marker" [stack: 0x000000e6e7300000,0x000000e6e7400000] [id=3384]
  0x000002a5543578a0 WorkerThread "G1 Conc#0" [stack: 0x000000e6e7400000,0x000000e6e7500000] [id=12140]

[error occurred during error reporting (printing all threads), id 0xc0000005, EXCEPTION_ACCESS_VIOLATION (0xc0000005) at pc=0x00007ff89113d127]

VM state: not at safepoint (not fully initialized)

VM Mutex/Monitor currently owned by a thread:  ([mutex/lock_event])
[0x000002a5542d1820] Heap_lock - owner thread: 0x000002a5542d58b0

Heap address: 0x0000000709600000, size: 3946 MB, Compressed Oops mode: Zero based, Oop shift amount: 3

CDS archive(s) mapped at: [0x0000000000000000-0x0000000000000000-0x0000000000000000), size 0, SharedBaseAddress: 0x0000000800000000, ArchiveRelocationMode: 0.
Narrow klass base: 0x0000000000000000, Narrow klass shift: 0, Narrow klass range: 0x0

GC Precious Log:
 CardTable entry size: 512
 Card Set container configuration: InlinePtr #cards 4 size 8 Array Of Cards #cards 16 size 48 Howl #buckets 8 coarsen threshold 3686 Howl Bitmap #cards 512 size 80 coarsen threshold 460 Card regions per heap region 1 cards per card region 4096

Heap:
 garbage-first heap   total 0K, used 0K [0x0000000709600000, 0x0000000800000000)
  region size 2048K, 0 young (0K), 0 survivors (0K)

[error occurred during error reporting (printing heap information), id 0xc0000005, EXCEPTION_ACCESS_VIOLATION (0xc0000005) at pc=0x00007ff891546959]

GC Heap History (0 events):
No events

Dll operation events (1 events):
Event: 0.032 Loaded shared library C:\Program Files\Java\jdk-19\bin\java.dll

Deoptimization events (0 events):
No events

Classes loaded (0 events):
No events

Classes unloaded (0 events):
No events

Classes redefined (0 events):
No events

Internal exceptions (0 events):
No events

VM Operations (0 events):
No events

Events (0 events):
No events


Dynamic libraries:
0x00007ff7d5bd0000 - 0x00007ff7d5be0000 	C:\Program Files\Java\jdk-19\bin\javaw.exe
0x00007ff8eb9d0000 - 0x00007ff8ebbe6000 	C:\WINDOWS\SYSTEM32\ntdll.dll
0x00007ff8eac40000 - 0x00007ff8ead04000 	C:\WINDOWS\System32\KERNEL32.DLL
0x00007ff8e9300000 - 0x00007ff8e96a6000 	C:\WINDOWS\System32\KERNELBASE.dll
0x00007ff8e8b10000 - 0x00007ff8e8c30000 	C:\Windows\system32\hmpalert.dll
0x00007ff8e8e60000 - 0x00007ff8e8f71000 	C:\WINDOWS\System32\ucrtbase.dll
0x00007ff89d150000 - 0x00007ff89d168000 	C:\Program Files\Java\jdk-19\bin\jli.dll
0x00007ff8ead10000 - 0x00007ff8eadc2000 	C:\WINDOWS\System32\ADVAPI32.dll
0x00007ff8e9cd0000 - 0x00007ff8e9d77000 	C:\WINDOWS\System32\msvcrt.dll
0x00007ff8eaee0000 - 0x00007ff8eaf88000 	C:\WINDOWS\System32\sechost.dll
0x00007ff8e8d10000 - 0x00007ff8e8d38000 	C:\WINDOWS\System32\bcrypt.dll
0x00007ff8e9b40000 - 0x00007ff8e9c55000 	C:\WINDOWS\System32\RPCRT4.dll
0x00007ff89f9f0000 - 0x00007ff89fa0b000 	C:\Program Files\Java\jdk-19\bin\VCRUNTIME140.dll
0x00007ff8eb7e0000 - 0x00007ff8eb98d000 	C:\WINDOWS\System32\USER32.dll
0x00007ff8e9000000 - 0x00007ff8e9026000 	C:\WINDOWS\System32\win32u.dll
0x00007ff8eadd0000 - 0x00007ff8eadf9000 	C:\WINDOWS\System32\GDI32.dll
0x00007ff8e8d40000 - 0x00007ff8e8e58000 	C:\WINDOWS\System32\gdi32full.dll
0x00007ff8e9260000 - 0x00007ff8e92fa000 	C:\WINDOWS\System32\msvcp_win.dll
0x00007ff8d0270000 - 0x00007ff8d0503000 	C:\WINDOWS\WinSxS\amd64_microsoft.windows.common-controls_6595b64144ccf1df_6.0.22621.3235_none_270f74e173860f98\COMCTL32.dll
0x00007ff8e2660000 - 0x00007ff8e266a000 	C:\WINDOWS\SYSTEM32\VERSION.dll
0x00007ff8e9a80000 - 0x00007ff8e9ab1000 	C:\WINDOWS\System32\IMM32.DLL
0x00007ff8b2220000 - 0x00007ff8b222c000 	C:\Program Files\Java\jdk-19\bin\vcruntime140_1.dll
0x00007ff8964d0000 - 0x00007ff89655e000 	C:\Program Files\Java\jdk-19\bin\msvcp140.dll
0x00007ff890e00000 - 0x00007ff891ac0000 	C:\Program Files\Java\jdk-19\bin\server\jvm.dll
0x00007ff8786f0000 - 0x00007ff8786f9000 	C:\WINDOWS\SYSTEM32\WSOCK32.dll
0x00007ff8e9a00000 - 0x00007ff8e9a71000 	C:\WINDOWS\System32\WS2_32.dll
0x00007ff8ddb40000 - 0x00007ff8ddb74000 	C:\WINDOWS\SYSTEM32\WINMM.dll
0x00007ff8e7c30000 - 0x00007ff8e7c48000 	C:\WINDOWS\SYSTEM32\kernel.appcore.dll
0x00007ff8d4b60000 - 0x00007ff8d4b6a000 	C:\Program Files\Java\jdk-19\bin\jimage.dll
0x00007ff8e6390000 - 0x00007ff8e65c3000 	C:\WINDOWS\SYSTEM32\DBGHELP.DLL
0x00007ff8ea050000 - 0x00007ff8ea3d8000 	C:\WINDOWS\System32\combase.dll
0x00007ff8eae00000 - 0x00007ff8eaed7000 	C:\WINDOWS\System32\OLEAUT32.dll
0x00007ff8da440000 - 0x00007ff8da472000 	C:\WINDOWS\SYSTEM32\dbgcore.DLL
0x00007ff8e8f80000 - 0x00007ff8e8ffa000 	C:\WINDOWS\System32\bcryptPrimitives.dll
0x00007ff89c9d0000 - 0x00007ff89c9f6000 	C:\Program Files\Java\jdk-19\bin\java.dll

dbghelp: loaded successfully - version: 4.0.5 - missing functions: none
symbol engine: initialized successfully - sym options: 0x614 - pdb path: .;C:\Program Files\Java\jdk-19\bin;C:\WINDOWS\SYSTEM32;C:\WINDOWS\WinSxS\amd64_microsoft.windows.common-controls_6595b64144ccf1df_6.0.22621.3235_none_270f74e173860f98;C:\Program Files\Java\jdk-19\bin\server

VM Arguments:
jvm_args: -Dfile.encoding=UTF-8 --module-path=C:\Users\TORK\eclipse-workspace\JavaPractise\bin -XX:+ShowCodeDetailsInExceptionMessages -Djdk.module.main=JavaPractise 
java_command: JavaPractise/Java.Static2
java_class_path (initial): <not set>
Launcher Type: SUN_STANDARD

[Global flags]
     intx CICompilerCount                          = 4                                         {product} {ergonomic}
     uint ConcGCThreads                            = 2                                         {product} {ergonomic}
     uint G1ConcRefinementThreads                  = 8                                         {product} {ergonomic}
   size_t G1HeapRegionSize                         = 2097152                                   {product} {ergonomic}
    uintx GCDrainStackTargetSize                   = 64                                        {product} {ergonomic}
   size_t InitialHeapSize                          = 260046848                                 {product} {ergonomic}
   size_t MarkStackSize                            = 4194304                                   {product} {ergonomic}
   size_t MaxHeapSize                              = 4137680896                                {product} {ergonomic}
   size_t MinHeapDeltaBytes                        = 2097152                                   {product} {ergonomic}
   size_t MinHeapSize                              = 8388608                                   {product} {ergonomic}
    uintx NonNMethodCodeHeapSize                   = 5839372                                {pd product} {ergonomic}
    uintx NonProfiledCodeHeapSize                  = 122909434                              {pd product} {ergonomic}
    uintx ProfiledCodeHeapSize                     = 122909434                              {pd product} {ergonomic}
    uintx ReservedCodeCacheSize                    = 251658240                              {pd product} {ergonomic}
     bool SegmentedCodeCache                       = true                                      {product} {ergonomic}
     bool ShowCodeDetailsInExceptionMessages       = true                                   {manageable} {command line}
   size_t SoftMaxHeapSize                          = 4137680896                             {manageable} {ergonomic}
     bool UseCompressedClassPointers               = true                           {product lp64_product} {ergonomic}
     bool UseCompressedOops                        = true                           {product lp64_product} {ergonomic}
     bool UseG1GC                                  = true                                      {product} {ergonomic}
     bool UseLargePagesIndividualAllocation        = false                                  {pd product} {ergonomic}

Logging:
Log output configuration:
 #0: stdout all=warning uptime,level,tags foldmultilines=false
 #1: stderr all=off uptime,level,tags foldmultilines=false

Environment Variables:
JAVA_HOME=C:\Program Files\Java\jdk1.8.0_202
PATH=C:/Program Files/Java/jdk-19/bin/server;C:/Program Files/Java/jdk-19/bin;C:\Python311\Scripts\;C:\Python311\;C:\Program Files\Common Files\Oracle\Java\javapath;C:\Program Files (x86)\Common Files\Oracle\Java\javapath;C:\WINDOWS\system32;C:\WINDOWS;C:\WINDOWS\System32\Wbem;C:\WINDOWS\System32\WindowsPowerShell\v1.0\;C:\WINDOWS\System32\OpenSSH\;C:\Program Files\dotnet\;C:\Program Files\Common Files\Oracle\Java\javapath;C:\Users\TORK\AppData\Local\Android\Sdk\build-tools;C:\Users\TORK\AppData\Local\Android\Sdk\platforms;C:\Users\TORK\AppData\Local\Android\Sdk\platform-tools;C:\Users\TORK\AppData\Local\Microsoft\WindowsApps;C:\Users\TORK\AppData\Roaming\npm;C:\adb;C:\Users\TORK\AppData\Local\Android\Sdk\platforms;C:\Users\TORK\AppData\Local\Android\Sdk\platform-tools;C:\Program Files (x86)\Windows Kits\10\Windows Performance Toolkit\;C:\Users\TORK\AppData\Local\Android\Sdk\emulator;C:\Users\TORK\AppData\Roaming\npm;C:\flutter_windows_3.7.7-stable\flutter\bin;C:\Users\TORK\AppData\Local\Pub\Cache\bin;C:\Users\TORK\AppData\Local\Pub\Cache\bin;C:\flutter_windows_3.7.7-stable\flutter\bin;C:\Program Files\Git\cmd;C:\Program Files\PuTTY\;C:\Windows\System32\cmd.exe;C:\Program Files\Java\jdk1.8.0_202\bin;C:\Users\TORK\Downloads\tools_r25.2.5-windows\tools;C:\ProgramData\chocolatey\bin;C:\Program Files\nodejs\;C:\Users\TORK\AppData\Local\Microsoft\WindowsApps;C:\Users\TORK\AppData\Local\Programs\Microsoft VS Code\bin;C:\Users\TORK\Downloads\flutter_windows_3.7.7-stable\flutter\bin;C:\Windows\System32\cmd.exe;C:\Users\TORK\AppData\Roaming\npm;C:\Users\TORK\Desktop;
USERNAME=TORK
OS=Windows_NT
PROCESSOR_IDENTIFIER=Intel64 Family 6 Model 140 Stepping 1, GenuineIntel
TMP=C:\Users\TORK\AppData\Local\Temp
TEMP=C:\Users\TORK\AppData\Local\Temp



---------------  S Y S T E M  ---------------

OS:
 Windows 11 , 64 bit Build 22621 (10.0.22621.3235)
OS uptime: 0 days 4:19 hours

CPU: total 8 (initial active 8) (4 cores per cpu, 2 threads per core) family 6 model 140 stepping 1 microcode 0xb4, cx8, cmov, fxsr, ht, mmx, 3dnowpref, sse, sse2, sse3, ssse3, sse4.1, sse4.2, popcnt, lzcnt, tsc, tscinvbit, avx, avx2, aes, erms, clmul, bmi1, bmi2, adx, avx512f, avx512dq, avx512cd, avx512bw, avx512vl, sha, fma, vzeroupper, avx512_vpopcntdq, avx512_vpclmulqdq, avx512_vaes, avx512_vnni, clflush, clflushopt, clwb, avx512_vbmi2, avx512_vbmi, rdtscp, rdpid, fsrm, gfni, avx512_bitalg

Memory: 4k page, system-wide physical 15777M (459M free)
TotalPageFile size 51341M (AvailPageFile size 6M)
current process WorkingSet (physical memory assigned to process): 12M, peak: 12M
current process commit charge ("private bytes"): 61M, peak: 309M

vm_info: Java HotSpot(TM) 64-Bit Server VM (19.0.1+10-21) for windows-amd64 JRE (19.0.1+10-21), built on 2022-09-14T12:45:06Z by "mach5one" with MS VC++ 17.1 (VS2022)

END.
